[2026-06-23 11:06:29.211] [WARN ] [Config] [SECURITY] Dashboard API key is insecure. Set a strong value via DASHBOARD_API_KEY env var or in config.json.
[2026-06-23 11:06:29.217] [OK   ] [Config] Validation complete — 1 warning(s).
[2026-06-23 11:06:29.498] [OK   ] [State] Restored: 0 locked, 0 muted, 0 groups.
[2026-06-23 11:06:29.565] [INFO ] [Maintenance] Running startup self-checks...
[2026-06-23 11:06:29.566] [OK   ] [Maintenance] Self-checks complete.
[2026-06-23 11:06:29.569] [INFO ] [Health] Watchdog started — checks every 30s
[2026-06-23 11:06:29.574] [OK   ] [Session] Loaded 10 cookies from primary.
[2026-06-23 11:06:29.589] [OK   ] [Commands] 11 command(s) loaded.
[2026-06-23 11:06:29.590] [INFO ] [Bot] Starting Phoenix v2.1.0 (attempt 1)...
[2026-06-23 11:06:29.608] [OK   ] [Dashboard] API + Dashboard listening on port 3001
[2026-06-23 11:06:30.288] [ERROR] [Bot] Login failed: Error retrieving userID. This can be caused by many factors, including being blocked by Facebook for logging in from an unknown location. Try logging in with a browser to verify.
[2026-06-23 11:06:30.289] [INFO ] [Bot] Retrying in 45s (attempt 1)...
[2026-06-23 11:07:15.294] [OK   ] [Session] Loaded 10 cookies from primary.
[2026-06-23 11:07:15.298] [OK   ] [Commands] 11 command(s) loaded.
[2026-06-23 11:07:15.298] [INFO ] [Bot] Starting Phoenix v2.1.0 (attempt 2)...
[2026-06-23 11:07:15.890] [ERROR] [Bot] Login failed: Error retrieving userID. This can be caused by many factors, including being blocked by Facebook for logging in from an unknown location. Try logging in with a browser to verify.
[2026-06-23 11:07:15.891] [INFO ] [Bot] Retrying in 68s (attempt 2)...
[2026-06-23 11:08:23.395] [OK   ] [Session] Loaded 10 cookies from primary.
[2026-06-23 11:08:23.398] [OK   ] [Commands] 11 command(s) loaded.
[2026-06-23 11:08:23.398] [INFO ] [Bot] Starting Phoenix v2.1.0 (attempt 3)...
[2026-06-23 11:08:23.998] [ERROR] [Bot] Login failed: Error retrieving userID. This can be caused by many factors, including being blocked by Facebook for logging in from an unknown location. Try logging in with a browser to verify.
[2026-06-23 11:08:23.998] [INFO ] [Bot] Retrying in 101s (attempt 3)...
[2026-06-23 11:10:05.253] [OK   ] [Session] Loaded 10 cookies from primary.
[2026-06-23 11:10:05.256] [OK   ] [Commands] 11 command(s) loaded.
[2026-06-23 11:10:05.256] [INFO ] [Bot] Starting Phoenix v2.1.0 (attempt 4)...
[2026-06-23 11:10:06.017] [ERROR] [Bot] Login failed: Error retrieving userID. This can be caused by many factors, including being blocked by Facebook for logging in from an unknown location. Try logging in with a browser to verify.
[2026-06-23 11:10:06.017] [INFO ] [Bot] Retrying in 152s (attempt 4)...
[2026-06-23 11:12:27.634] [INFO ] [Bot] SIGTERM received — saving session before exit...
[2026-06-23 11:12:30.851] [OK   ] [Config] Validation complete — 0 warning(s).
[2026-06-23 11:12:31.124] [OK   ] [State] Restored: 0 locked, 0 muted, 0 groups.
[2026-06-23 11:12:31.171] [INFO ] [Maintenance] Running startup self-checks...
[2026-06-23 11:12:31.172] [OK   ] [Maintenance] Self-checks complete.
[2026-06-23 11:12:31.174] [INFO ] [Health] Watchdog started — checks every 30s
[2026-06-23 11:12:31.181] [OK   ] [Session] Loaded 10 cookies from primary.
[2026-06-23 11:12:31.201] [OK   ] [Commands] 11 command(s) loaded.
[2026-06-23 11:12:31.201] [INFO ] [Bot] Starting Phoenix v2.1.0 (attempt 1)...
[2026-06-23 11:12:31.209] [OK   ] [Dashboard] API + Dashboard listening on port 3001
[2026-06-23 11:12:31.887] [ERROR] [Bot] Login failed: Error retrieving userID. This can be caused by many factors, including being blocked by Facebook for logging in from an unknown location. Try logging in with a browser to verify.
[2026-06-23 11:12:31.888] [INFO ] [Bot] Retrying in 45s (attempt 1)...
[2026-06-23 11:13:16.896] [OK   ] [Session] Loaded 10 cookies from primary.
[2026-06-23 11:13:16.909] [OK   ] [Commands] 11 command(s) loaded.
[2026-06-23 11:13:16.910] [INFO ] [Bot] Starting Phoenix v2.1.0 (attempt 2)...
[2026-06-23 11:13:17.947] [ERROR] [Bot] Login failed: Error retrieving userID. This can be caused by many factors, including being blocked by Facebook for logging in from an unknown location. Try logging in with a browser to verify.
[2026-06-23 11:13:17.947] [INFO ] [Bot] Retrying in 68s (attempt 2)...
[2026-06-23 11:14:25.452] [OK   ] [Session] Loaded 10 cookies from primary.
[2026-06-23 11:14:25.466] [OK   ] [Commands] 11 command(s) loaded.
[2026-06-23 11:14:25.466] [INFO ] [Bot] Starting Phoenix v2.1.0 (attempt 3)...
[2026-06-23 11:14:25.977] [ERROR] [Bot] Login failed: Error retrieving userID. This can be caused by many factors, including being blocked by Facebook for logging in from an unknown location. Try logging in with a browser to verify.
[2026-06-23 11:14:25.977] [INFO ] [Bot] Retrying in 101s (attempt 3)...
[2026-06-23 11:16:07.232] [OK   ] [Session] Loaded 10 cookies from primary.
[2026-06-23 11:16:07.236] [OK   ] [Commands] 11 command(s) loaded.
[2026-06-23 11:16:07.236] [INFO ] [Bot] Starting Phoenix v2.1.0 (attempt 4)...
[2026-06-23 11:16:07.816] [ERROR] [Bot] Login failed: Error retrieving userID. This can be caused by many factors, including being blocked by Facebook for logging in from an unknown location. Try logging in with a browser to verify.
[2026-06-23 11:16:07.816] [INFO ] [Bot] Retrying in 152s (attempt 4)...
[2026-06-23 11:18:39.698] [OK   ] [Session] Loaded 10 cookies from primary.
[2026-06-23 11:18:39.709] [OK   ] [Commands] 11 command(s) loaded.
[2026-06-23 11:18:39.709] [INFO ] [Bot] Starting Phoenix v2.1.0 (attempt 5)...
[2026-06-23 11:18:40.439] [ERROR] [Bot] Login failed: Error retrieving userID. This can be caused by many factors, including being blocked by Facebook for logging in from an unknown location. Try logging in with a browser to verify.
[2026-06-23 11:18:40.439] [WARN ] [Diagnostics] Recurring error (5x): [Bot] Error retrieving userID. This can be caused by many factors, including being blocked by Facebook for logging in from an unknown location. Try logging in with a browser to verify.
[2026-06-23 11:18:40.440] [INFO ] [Bot] Retrying in 228s (attempt 5)...
[2026-06-23 11:22:28.279] [OK   ] [Session] Loaded 10 cookies from primary.
[2026-06-23 11:22:28.282] [OK   ] [Commands] 11 command(s) loaded.
[2026-06-23 11:22:28.282] [INFO ] [Bot] Starting Phoenix v2.1.0 (attempt 6)...
[2026-06-23 11:22:28.862] [ERROR] [Bot] Login failed: Error retrieving userID. This can be caused by many factors, including being blocked by Facebook for logging in from an unknown location. Try logging in with a browser to verify.
[2026-06-23 11:22:28.862] [INFO ] [Bot] Retrying in 300s (attempt 6)...
